--------------------------------------------------------------------------------
Release 14.7 Trace  (nt)
Copyright (c) 1995-2013 Xilinx, Inc.  All rights reserved.

C:\Xilinx\14.7\ISE_DS\ISE\bin\nt\unwrapped\trce.exe -intstyle ise -v 3 -s 5 -n
3 -fastpaths -xml aufgabe4.twx aufgabe4.ncd -o aufgabe4.twr aufgabe4.pcf

Design file:              aufgabe4.ncd
Physical constraint file: aufgabe4.pcf
Device,package,speed:     xc3s200,ft256,-5 (PRODUCTION 1.39 2013-10-13)
Report level:             verbose report

Environment Variable      Effect 
--------------------      ------ 
NONE                      No environment variables were set
--------------------------------------------------------------------------------

INFO:Timing:2698 - No timing constraints found, doing default enumeration.
INFO:Timing:3412 - To improve timing, see the Timing Closure User Guide (UG612).
INFO:Timing:2752 - To get complete path coverage, use the unconstrained paths 
   option. All paths that are not constrained will be reported in the 
   unconstrained paths section(s) of the report.
INFO:Timing:3339 - The clock-to-out numbers in this timing report are based on 
   a 50 Ohm transmission line loading model.  For the details of this model, 
   and for more information on accounting for different loading conditions, 
   please see the device datasheet.
INFO:Timing:3390 - This architecture does not support a default System Jitter 
   value, please add SYSTEM_JITTER constraint to the UCF to modify the Clock 
   Uncertainty calculation.
INFO:Timing:3389 - This architecture does not support 'Discrete Jitter' and 
   'Phase Error' calculations, these terms will be zero in the Clock 
   Uncertainty calculation.  Please make appropriate modification to 
   SYSTEM_JITTER to account for the unsupported Discrete Jitter and Phase 
   Error.



Data Sheet report:
-----------------
All values displayed in nanoseconds (ns)

Setup/Hold to clock clk
------------+------------+------------+------------------+--------+
            |Max Setup to|Max Hold to |                  | Clock  |
Source      | clk (edge) | clk (edge) |Internal Clock(s) | Phase  |
------------+------------+------------+------------------+--------+
BTN0        |    1.515(R)|    0.063(R)|clk_BUFGP         |   0.000|
rst         |    2.872(R)|    0.262(R)|clk_BUFGP         |   0.000|
sw<0>       |    2.286(R)|   -0.697(R)|clk_BUFGP         |   0.000|
sw<1>       |    2.191(R)|   -0.621(R)|clk_BUFGP         |   0.000|
sw<2>       |    2.068(R)|   -0.523(R)|clk_BUFGP         |   0.000|
sw<3>       |    1.932(R)|   -0.414(R)|clk_BUFGP         |   0.000|
sw<4>       |    1.772(R)|   -0.286(R)|clk_BUFGP         |   0.000|
sw<5>       |    1.480(R)|   -0.052(R)|clk_BUFGP         |   0.000|
sw<6>       |    1.779(R)|   -0.291(R)|clk_BUFGP         |   0.000|
sw<7>       |    1.779(R)|   -0.291(R)|clk_BUFGP         |   0.000|
------------+------------+------------+------------------+--------+

Clock clk to Pad
------------+------------+------------------+--------+
            | clk (edge) |                  | Clock  |
Destination |   to PAD   |Internal Clock(s) | Phase  |
------------+------------+------------------+--------+
LD0         |    7.625(R)|clk_BUFGP         |   0.000|
an<0>       |   10.407(R)|clk_BUFGP         |   0.000|
an<1>       |   10.243(R)|clk_BUFGP         |   0.000|
an<2>       |   10.914(R)|clk_BUFGP         |   0.000|
an<3>       |   11.465(R)|clk_BUFGP         |   0.000|
seg<1>      |   13.484(R)|clk_BUFGP         |   0.000|
seg<2>      |   13.289(R)|clk_BUFGP         |   0.000|
seg<3>      |   13.210(R)|clk_BUFGP         |   0.000|
seg<4>      |   13.509(R)|clk_BUFGP         |   0.000|
seg<5>      |   13.493(R)|clk_BUFGP         |   0.000|
seg<6>      |   13.211(R)|clk_BUFGP         |   0.000|
seg<7>      |   13.786(R)|clk_BUFGP         |   0.000|
------------+------------+------------------+--------+

Clock to Setup on destination clock clk
---------------+---------+---------+---------+---------+
               | Src:Rise| Src:Fall| Src:Rise| Src:Fall|
Source Clock   |Dest:Rise|Dest:Rise|Dest:Fall|Dest:Fall|
---------------+---------+---------+---------+---------+
clk            |    9.261|         |         |         |
---------------+---------+---------+---------+---------+

Pad to Pad
---------------+---------------+---------+
Source Pad     |Destination Pad|  Delay  |
---------------+---------------+---------+
rst            |an<0>          |    8.458|
rst            |an<1>          |    8.327|
rst            |an<2>          |    8.305|
rst            |an<3>          |    8.917|
---------------+---------------+---------+


Analysis completed Thu Jun 28 10:02:01 2018 
--------------------------------------------------------------------------------

Trace Settings:
-------------------------
Trace Settings 

Peak Memory Usage: 116 MB



