--------------------------------------------------------------------------------
Release 14.7 Trace  (nt)
Copyright (c) 1995-2013 Xilinx, Inc.  All rights reserved.

C:\Xilinx\14.7\ISE_DS\ISE\bin\nt\unwrapped\trce.exe -intstyle ise -v 3 -s 5 -n
3 -fastpaths -xml aufgabe3.twx aufgabe3.ncd -o aufgabe3.twr aufgabe3.pcf

Design file:              aufgabe3.ncd
Physical constraint file: aufgabe3.pcf
Device,package,speed:     xc3s200,ft256,-5 (PRODUCTION 1.39 2013-10-13)
Report level:             verbose report

Environment Variable      Effect 
--------------------      ------ 
NONE                      No environment variables were set
--------------------------------------------------------------------------------

INFO:Timing:2698 - No timing constraints found, doing default enumeration.
INFO:Timing:3412 - To improve timing, see the Timing Closure User Guide (UG612).
INFO:Timing:2752 - To get complete path coverage, use the unconstrained paths 
   option. All paths that are not constrained will be reported in the 
   unconstrained paths section(s) of the report.
INFO:Timing:3339 - The clock-to-out numbers in this timing report are based on 
   a 50 Ohm transmission line loading model.  For the details of this model, 
   and for more information on accounting for different loading conditions, 
   please see the device datasheet.
INFO:Timing:3390 - This architecture does not support a default System Jitter 
   value, please add SYSTEM_JITTER constraint to the UCF to modify the Clock 
   Uncertainty calculation.
INFO:Timing:3389 - This architecture does not support 'Discrete Jitter' and 
   'Phase Error' calculations, these terms will be zero in the Clock 
   Uncertainty calculation.  Please make appropriate modification to 
   SYSTEM_JITTER to account for the unsupported Discrete Jitter and Phase 
   Error.



Data Sheet report:
-----------------
All values displayed in nanoseconds (ns)

Setup/Hold to clock clk
------------+------------+------------+------------------+--------+
            |Max Setup to|Max Hold to |                  | Clock  |
Source      | clk (edge) | clk (edge) |Internal Clock(s) | Phase  |
------------+------------+------------+------------------+--------+
BTN0        |    1.365(R)|    0.184(R)|clk_BUFGP         |   0.000|
rst         |    2.245(R)|    0.262(R)|clk_BUFGP         |   0.000|
sw<0>       |    4.273(R)|    0.180(R)|clk_BUFGP         |   0.000|
sw<1>       |    4.387(R)|    0.066(R)|clk_BUFGP         |   0.000|
sw<2>       |    5.130(R)|   -0.754(R)|clk_BUFGP         |   0.000|
sw<3>       |    5.264(R)|   -0.789(R)|clk_BUFGP         |   0.000|
sw<4>       |    5.615(R)|   -1.020(R)|clk_BUFGP         |   0.000|
sw<5>       |    4.265(R)|   -0.650(R)|clk_BUFGP         |   0.000|
sw<6>       |    4.934(R)|   -0.988(R)|clk_BUFGP         |   0.000|
sw<7>       |    5.026(R)|   -1.127(R)|clk_BUFGP         |   0.000|
------------+------------+------------+------------------+--------+

Clock clk to Pad
------------+------------+------------------+--------+
            | clk (edge) |                  | Clock  |
Destination |   to PAD   |Internal Clock(s) | Phase  |
------------+------------+------------------+--------+
LD0         |    8.639(R)|clk_BUFGP         |   0.000|
an<0>       |    9.436(R)|clk_BUFGP         |   0.000|
an<1>       |    8.775(R)|clk_BUFGP         |   0.000|
an<2>       |    9.106(R)|clk_BUFGP         |   0.000|
an<3>       |    9.514(R)|clk_BUFGP         |   0.000|
seg<1>      |   11.800(R)|clk_BUFGP         |   0.000|
seg<2>      |   12.608(R)|clk_BUFGP         |   0.000|
seg<3>      |   12.023(R)|clk_BUFGP         |   0.000|
seg<4>      |   12.178(R)|clk_BUFGP         |   0.000|
seg<5>      |   12.013(R)|clk_BUFGP         |   0.000|
seg<6>      |   12.328(R)|clk_BUFGP         |   0.000|
seg<7>      |   12.170(R)|clk_BUFGP         |   0.000|
------------+------------+------------------+--------+

Clock to Setup on destination clock clk
---------------+---------+---------+---------+---------+
               | Src:Rise| Src:Fall| Src:Rise| Src:Fall|
Source Clock   |Dest:Rise|Dest:Rise|Dest:Fall|Dest:Fall|
---------------+---------+---------+---------+---------+
clk            |    9.498|         |         |         |
---------------+---------+---------+---------+---------+

Pad to Pad
---------------+---------------+---------+
Source Pad     |Destination Pad|  Delay  |
---------------+---------------+---------+
rst            |an<0>          |    9.310|
rst            |an<1>          |    8.235|
rst            |an<2>          |    8.500|
rst            |an<3>          |    8.974|
---------------+---------------+---------+


Analysis completed Thu Jun 07 10:50:05 2018 
--------------------------------------------------------------------------------

Trace Settings:
-------------------------
Trace Settings 

Peak Memory Usage: 115 MB



