--------------------------------------------------------------------------------
Release 14.7 Trace  (nt)
Copyright (c) 1995-2013 Xilinx, Inc.  All rights reserved.

C:\Xilinx\14.7\ISE_DS\ISE\bin\nt\unwrapped\trce.exe -intstyle ise -v 3 -s 5 -n
3 -fastpaths -xml aufgabe2_preroute.twx aufgabe2_map.ncd -o
aufgabe2_preroute.twr aufgabe2.pcf -ucf
C:/Users/ds-user/KDS/source2/aufgabe2.ucf

Design file:              aufgabe2_map.ncd
Physical constraint file: aufgabe2.pcf
Device,package,speed:     xc3s200,ft256,-5 (PRODUCTION 1.39 2013-10-13)
Report level:             verbose report

Environment Variable      Effect 
--------------------      ------ 
NONE                      No environment variables were set
--------------------------------------------------------------------------------

INFO:Timing:2698 - No timing constraints found, doing default enumeration.
INFO:Timing:3412 - To improve timing, see the Timing Closure User Guide (UG612).
INFO:Timing:2752 - To get complete path coverage, use the unconstrained paths 
   option. All paths that are not constrained will be reported in the 
   unconstrained paths section(s) of the report.
INFO:Timing:3284 - This timing report was generated using estimated delay 
   information.  For accurate numbers, please refer to the post Place and Route 
   timing report.
INFO:Timing:3339 - The clock-to-out numbers in this timing report are based on 
   a 50 Ohm transmission line loading model.  For the details of this model, 
   and for more information on accounting for different loading conditions, 
   please see the device datasheet.
INFO:Timing:3390 - This architecture does not support a default System Jitter 
   value, please add SYSTEM_JITTER constraint to the UCF to modify the Clock 
   Uncertainty calculation.
INFO:Timing:3389 - This architecture does not support 'Discrete Jitter' and 
   'Phase Error' calculations, these terms will be zero in the Clock 
   Uncertainty calculation.  Please make appropriate modification to 
   SYSTEM_JITTER to account for the unsupported Discrete Jitter and Phase 
   Error.



Data Sheet report:
-----------------
All values displayed in nanoseconds (ns)

Setup/Hold to clock clk
------------+------------+------------+------------------+--------+
            |Max Setup to|Max Hold to |                  | Clock  |
Source      | clk (edge) | clk (edge) |Internal Clock(s) | Phase  |
------------+------------+------------+------------------+--------+
BTN0        |    0.463(R)|    0.643(R)|clk_BUFGP         |   0.000|
BTN1        |    0.463(R)|    0.643(R)|clk_BUFGP         |   0.000|
BTN2        |    0.463(R)|    0.643(R)|clk_BUFGP         |   0.000|
sw<0>       |    1.100(R)|    0.134(R)|clk_BUFGP         |   0.000|
sw<1>       |    1.100(R)|    0.134(R)|clk_BUFGP         |   0.000|
sw<2>       |    1.100(R)|    0.134(R)|clk_BUFGP         |   0.000|
sw<3>       |    1.365(R)|   -0.098(R)|clk_BUFGP         |   0.000|
sw<4>       |    1.365(R)|   -0.098(R)|clk_BUFGP         |   0.000|
sw<5>       |    1.365(R)|   -0.098(R)|clk_BUFGP         |   0.000|
sw<6>       |    1.365(R)|   -0.098(R)|clk_BUFGP         |   0.000|
sw<7>       |    1.365(R)|   -0.098(R)|clk_BUFGP         |   0.000|
------------+------------+------------+------------------+--------+

Clock clk to Pad
------------+------------+------------------+--------+
            | clk (edge) |                  | Clock  |
Destination |   to PAD   |Internal Clock(s) | Phase  |
------------+------------+------------------+--------+
LD0         |    6.741(R)|clk_BUFGP         |   0.000|
an<0>       |    7.320(R)|clk_BUFGP         |   0.000|
an<1>       |    7.320(R)|clk_BUFGP         |   0.000|
an<2>       |    7.320(R)|clk_BUFGP         |   0.000|
an<3>       |    7.320(R)|clk_BUFGP         |   0.000|
seg<1>      |    8.213(R)|clk_BUFGP         |   0.000|
seg<2>      |    8.213(R)|clk_BUFGP         |   0.000|
seg<3>      |    8.213(R)|clk_BUFGP         |   0.000|
seg<4>      |    8.213(R)|clk_BUFGP         |   0.000|
seg<5>      |    8.213(R)|clk_BUFGP         |   0.000|
seg<6>      |    8.213(R)|clk_BUFGP         |   0.000|
seg<7>      |    8.213(R)|clk_BUFGP         |   0.000|
------------+------------+------------------+--------+

Clock to Setup on destination clock clk
---------------+---------+---------+---------+---------+
               | Src:Rise| Src:Fall| Src:Rise| Src:Fall|
Source Clock   |Dest:Rise|Dest:Rise|Dest:Fall|Dest:Fall|
---------------+---------+---------+---------+---------+
clk            |    5.028|         |         |         |
---------------+---------+---------+---------+---------+

Pad to Pad
---------------+---------------+---------+
Source Pad     |Destination Pad|  Delay  |
---------------+---------------+---------+
rst            |an<0>          |    6.493|
rst            |an<1>          |    6.493|
rst            |an<2>          |    6.493|
rst            |an<3>          |    6.493|
---------------+---------------+---------+


Analysis completed Thu Apr 26 14:59:22 2018 
--------------------------------------------------------------------------------

Trace Settings:
-------------------------
Trace Settings 

Peak Memory Usage: 118 MB



