Release 14.7 - xst P.20131013 (nt)
Copyright (c) 1995-2013 Xilinx, Inc.  All rights reserved.
--> Parameter TMPDIR set to xst/projnav.tmp


Total REAL time to Xst completion: 1.00 secs
Total CPU time to Xst completion: 0.06 secs
 
--> Parameter xsthdpdir set to xst


Total REAL time to Xst completion: 1.00 secs
Total CPU time to Xst completion: 0.06 secs
 
--> Reading design: aufgabe1.prj

TABLE OF CONTENTS
  1) Synthesis Options Summary
  2) HDL Compilation
  3) Design Hierarchy Analysis
  4) HDL Analysis
  5) HDL Synthesis
     5.1) HDL Synthesis Report
  6) Advanced HDL Synthesis
     6.1) Advanced HDL Synthesis Report
  7) Low Level Synthesis
  8) Partition Report
  9) Final Report
	9.1) Device utilization summary
	9.2) Partition Resource Summary
	9.3) TIMING REPORT


=========================================================================
*                      Synthesis Options Summary                        *
=========================================================================
---- Source Parameters
Input File Name                    : "aufgabe1.prj"
Input Format                       : mixed
Ignore Synthesis Constraint File   : NO

---- Target Parameters
Output File Name                   : "aufgabe1"
Output Format                      : NGC
Target Device                      : xc3s200-5-ft256

---- Source Options
Top Module Name                    : aufgabe1
Automatic FSM Extraction           : YES
FSM Encoding Algorithm             : Auto
Safe Implementation                : No
FSM Style                          : LUT
RAM Extraction                     : Yes
RAM Style                          : Auto
ROM Extraction                     : Yes
Mux Style                          : Auto
Decoder Extraction                 : YES
Priority Encoder Extraction        : Yes
Shift Register Extraction          : YES
Logical Shifter Extraction         : YES
XOR Collapsing                     : YES
ROM Style                          : Auto
Mux Extraction                     : Yes
Resource Sharing                   : YES
Asynchronous To Synchronous        : NO
Multiplier Style                   : Auto
Automatic Register Balancing       : No

---- Target Options
Add IO Buffers                     : YES
Global Maximum Fanout              : 100000
Add Generic Clock Buffer(BUFG)     : 8
Register Duplication               : YES
Slice Packing                      : YES
Optimize Instantiated Primitives   : NO
Use Clock Enable                   : Yes
Use Synchronous Set                : Yes
Use Synchronous Reset              : Yes
Pack IO Registers into IOBs        : Auto
Equivalent register Removal        : YES

---- General Options
Optimization Goal                  : Speed
Optimization Effort                : 1
Keep Hierarchy                     : Yes
Netlist Hierarchy                  : As_Optimized
RTL Output                         : Yes
Global Optimization                : AllClockNets
Read Cores                         : YES
Write Timing Constraints           : NO
Cross Clock Analysis               : NO
Hierarchy Separator                : /
Bus Delimiter                      : <>
Case Specifier                     : Maintain
Slice Utilization Ratio            : 100
BRAM Utilization Ratio             : 100
Verilog 2001                       : NO
Auto BRAM Packing                  : NO
Slice Utilization Ratio Delta      : 5

=========================================================================


=========================================================================
*                          HDL Compilation                              *
=========================================================================
Compiling vhdl file "C:/Users/ds-user/KDS/source/hex4x7seg.vhd" in Library work.
Entity <hex4x7seg> compiled.
Entity <hex4x7seg> (Architecture <struktur>) compiled.
Compiling vhdl file "C:/Users/ds-user/KDS/source/aufgabe1.vhd" in Library work.
Architecture struktur of Entity aufgabe1 is up to date.

=========================================================================
*                     Design Hierarchy Analysis                         *
=========================================================================
Analyzing hierarchy for entity <aufgabe1> in library <work> (architecture <struktur>).

Analyzing hierarchy for entity <hex4x7seg> in library <work> (architecture <struktur>) with generics.
	RSTDEF = '1'


=========================================================================
*                            HDL Analysis                               *
=========================================================================
Analyzing Entity <aufgabe1> in library <work> (Architecture <struktur>).
Entity <aufgabe1> analyzed. Unit <aufgabe1> generated.

Analyzing generic Entity <hex4x7seg> in library <work> (Architecture <struktur>).
	RSTDEF = '1'
Entity <hex4x7seg> analyzed. Unit <hex4x7seg> generated.


=========================================================================
*                           HDL Synthesis                               *
=========================================================================

Performing bidirectional port resolution...

Synthesizing Unit <hex4x7seg>.
    Related source file is "C:/Users/ds-user/KDS/source/hex4x7seg.vhd".
WARNING:Xst:647 - Input <en> is never used. This port will be preserved and left unconnected if it belongs to a top-level block or it belongs to a sub-block and the hierarchy of this sub-block is preserved.
    Found 16x7-bit ROM for signal <seg>.
    Found 2-bit up counter for signal <cnt>.
    Found 14-bit up counter for signal <counter>.
    Found 1-bit register for signal <counter_flag>.
    Found 1-bit 4-to-1 multiplexer for signal <sig1>.
    Found 4-bit 4-to-1 multiplexer for signal <sw_sel>.
    Summary:
	inferred   1 ROM(s).
	inferred   2 Counter(s).
	inferred   1 D-type flip-flop(s).
	inferred   5 Multiplexer(s).
Unit <hex4x7seg> synthesized.


Synthesizing Unit <aufgabe1>.
    Related source file is "C:/Users/ds-user/KDS/source/aufgabe1.vhd".
Unit <aufgabe1> synthesized.


=========================================================================
HDL Synthesis Report

Macro Statistics
# ROMs                                                 : 1
 16x7-bit ROM                                          : 1
# Counters                                             : 2
 14-bit up counter                                     : 1
 2-bit up counter                                      : 1
# Registers                                            : 1
 1-bit register                                        : 1
# Multiplexers                                         : 2
 1-bit 4-to-1 multiplexer                              : 1
 4-bit 4-to-1 multiplexer                              : 1

=========================================================================

=========================================================================
*                       Advanced HDL Synthesis                          *
=========================================================================


=========================================================================
Advanced HDL Synthesis Report

Macro Statistics
# ROMs                                                 : 1
 16x7-bit ROM                                          : 1
# Counters                                             : 2
 14-bit up counter                                     : 1
 2-bit up counter                                      : 1
# Registers                                            : 1
 Flip-Flops                                            : 1
# Multiplexers                                         : 2
 1-bit 4-to-1 multiplexer                              : 1
 4-bit 4-to-1 multiplexer                              : 1

=========================================================================

=========================================================================
*                         Low Level Synthesis                           *
=========================================================================

Optimizing unit <aufgabe1> ...

Optimizing unit <hex4x7seg> ...

Mapping all equations...
Building and optimizing final netlist ...
Found area constraint ratio of 100 (+ 5) on block aufgabe1, actual ratio is 1.

Final Macro Processing ...

=========================================================================
Final Register Report

Macro Statistics
# Registers                                            : 17
 Flip-Flops                                            : 17

=========================================================================

=========================================================================
*                           Partition Report                            *
=========================================================================

Partition Implementation Status
-------------------------------

  No Partitions were found in this design.

-------------------------------

=========================================================================
*                            Final Report                               *
=========================================================================
Final Results
RTL Top Level Output File Name     : aufgabe1.ngr
Top Level Output File Name         : aufgabe1
Output Format                      : NGC
Optimization Goal                  : Speed
Keep Hierarchy                     : Yes

Design Statistics
# IOs                              : 24

Cell Usage :
# BELS                             : 76
#      GND                         : 1
#      INV                         : 2
#      LUT1                        : 13
#      LUT2                        : 2
#      LUT3                        : 14
#      LUT4                        : 10
#      LUT4_L                      : 1
#      MUXCY                       : 13
#      MUXF5                       : 5
#      VCC                         : 1
#      XORCY                       : 14
# FlipFlops/Latches                : 17
#      FDC                         : 15
#      FDCE                        : 2
# Clock Buffers                    : 1
#      BUFGP                       : 1
# IO Buffers                       : 23
#      IBUF                        : 11
#      OBUF                        : 12
=========================================================================

Device utilization summary:
---------------------------

Selected Device : 3s200ft256-5 

 Number of Slices:                       21  out of   1920     1%  
 Number of Slice Flip Flops:             17  out of   3840     0%  
 Number of 4 input LUTs:                 42  out of   3840     1%  
 Number of IOs:                          24
 Number of bonded IOBs:                  24  out of    173    13%  
 Number of GCLKs:                         1  out of      8    12%  

---------------------------
Partition Resource Summary:
---------------------------

  No Partitions were found in this design.

---------------------------


=========================================================================
TIMING REPORT

NOTE: THESE TIMING NUMBERS ARE ONLY A SYNTHESIS ESTIMATE.
      FOR ACCURATE TIMING INFORMATION PLEASE REFER TO THE TRACE REPORT
      GENERATED AFTER PLACE-and-ROUTE.

Clock Information:
------------------
-----------------------------------+------------------------+-------+
Clock Signal                       | Clock buffer(FF name)  | Load  |
-----------------------------------+------------------------+-------+
clk                                | BUFGP                  | 17    |
-----------------------------------+------------------------+-------+

Asynchronous Control Signals Information:
----------------------------------------
-----------------------------------+------------------------+-------+
Control Signal                     | Buffer(FF name)        | Load  |
-----------------------------------+------------------------+-------+
rst                                | IBUF                   | 17    |
-----------------------------------+------------------------+-------+

Timing Summary:
---------------
Speed Grade: -5

   Minimum period: 4.153ns (Maximum Frequency: 240.793MHz)
   Minimum input arrival time before clock: No path found
   Maximum output required time after clock: 10.035ns
   Maximum combinational path delay: 9.693ns

Timing Detail:
--------------
All values displayed in nanoseconds (ns)

=========================================================================
Timing constraint: Default period analysis for Clock 'clk'
  Clock period: 4.153ns (frequency: 240.793MHz)
  Total number of paths / destination ports: 124 / 19
-------------------------------------------------------------------------
Delay:               4.153ns (Levels of Logic = 14)
  Source:            u1/counter_1 (FF)
  Destination:       u1/counter_13 (FF)
  Source Clock:      clk rising
  Destination Clock: clk rising

  Data Path: u1/counter_1 to u1/counter_13
                                Gate     Net
    Cell:in->out      fanout   Delay   Delay  Logical Name (Net Name)
    ----------------------------------------  ------------
     FDC:C->Q              2   0.626   1.040  counter_1 (counter_1)
     LUT1:I0->O            1   0.479   0.000  Mcount_counter_cy<1>_rt (Mcount_counter_cy<1>_rt)
     MUXCY:S->O            1   0.435   0.000  Mcount_counter_cy<1> (Mcount_counter_cy<1>)
     MUXCY:CI->O           1   0.056   0.000  Mcount_counter_cy<2> (Mcount_counter_cy<2>)
     MUXCY:CI->O           1   0.056   0.000  Mcount_counter_cy<3> (Mcount_counter_cy<3>)
     MUXCY:CI->O           1   0.056   0.000  Mcount_counter_cy<4> (Mcount_counter_cy<4>)
     MUXCY:CI->O           1   0.056   0.000  Mcount_counter_cy<5> (Mcount_counter_cy<5>)
     MUXCY:CI->O           1   0.056   0.000  Mcount_counter_cy<6> (Mcount_counter_cy<6>)
     MUXCY:CI->O           1   0.056   0.000  Mcount_counter_cy<7> (Mcount_counter_cy<7>)
     MUXCY:CI->O           1   0.056   0.000  Mcount_counter_cy<8> (Mcount_counter_cy<8>)
     MUXCY:CI->O           1   0.056   0.000  Mcount_counter_cy<9> (Mcount_counter_cy<9>)
     MUXCY:CI->O           1   0.056   0.000  Mcount_counter_cy<10> (Mcount_counter_cy<10>)
     MUXCY:CI->O           1   0.056   0.000  Mcount_counter_cy<11> (Mcount_counter_cy<11>)
     MUXCY:CI->O           0   0.056   0.000  Mcount_counter_cy<12> (Mcount_counter_cy<12>)
     XORCY:CI->O           1   0.786   0.000  Mcount_counter_xor<13> (Result<13>)
     FDC:D                     0.176          counter_13
    ----------------------------------------
    Total                      4.153ns (3.113ns logic, 1.040ns route)
                                       (74.9% logic, 25.1% route)

=========================================================================
Timing constraint: Default OFFSET OUT AFTER for Clock 'clk'
  Total number of paths / destination ports: 95 / 12
-------------------------------------------------------------------------
Offset:              10.035ns (Levels of Logic = 5)
  Source:            u1/cnt_2 (FF)
  Destination:       seg<7> (PAD)
  Source Clock:      clk rising

  Data Path: u1/cnt_2 to seg<7>
                                Gate     Net
    Cell:in->out      fanout   Delay   Delay  Logical Name (Net Name)
    ----------------------------------------  ------------
     FDCE:C->Q            16   0.626   1.346  cnt_2 (cnt_2)
     LUT3:I0->O            1   0.479   0.000  Mmux_sw_sel_43 (Mmux_sw_sel_43)
     MUXF5:I0->O           7   0.314   1.201  Mmux_sw_sel_2_f5_2 (sw_sel<3>)
     LUT4:I0->O            1   0.479   0.681  Mrom_seg21 (seg<3>)
     end scope: 'u1'
     OBUF:I->O                 4.909          seg_3_OBUF (seg<3>)
    ----------------------------------------
    Total                     10.035ns (6.807ns logic, 3.228ns route)
                                       (67.8% logic, 32.2% route)

=========================================================================
Timing constraint: Default path analysis
  Total number of paths / destination ports: 120 / 12
-------------------------------------------------------------------------
Delay:               9.693ns (Levels of Logic = 6)
  Source:            sw<2> (PAD)
  Destination:       seg<7> (PAD)

  Data Path: sw<2> to seg<7>
                                Gate     Net
    Cell:in->out      fanout   Delay   Delay  Logical Name (Net Name)
    ----------------------------------------  ------------
     IBUF:I->O             2   0.715   0.915  sw_2_IBUF (sw_2_IBUF)
     begin scope: 'u1'
     LUT3:I1->O            1   0.479   0.000  Mmux_sw_sel_31 (Mmux_sw_sel_31)
     MUXF5:I1->O           7   0.314   1.201  Mmux_sw_sel_2_f5_0 (sw_sel<1>)
     LUT4:I0->O            1   0.479   0.681  Mrom_seg61 (seg<7>)
     end scope: 'u1'
     OBUF:I->O                 4.909          seg_7_OBUF (seg<7>)
    ----------------------------------------
    Total                      9.693ns (6.896ns logic, 2.797ns route)
                                       (71.1% logic, 28.9% route)

=========================================================================


Total REAL time to Xst completion: 3.00 secs
Total CPU time to Xst completion: 2.70 secs
 
--> 

Total memory usage is 205060 kilobytes

Number of errors   :    0 (   0 filtered)
Number of warnings :    1 (   0 filtered)
Number of infos    :    0 (   0 filtered)

